backend HfTextGenerationInference dur_s 161.45 tokens_per_s 3917.72 qps 6.19 successful_responses 1000 prompt_token_count 512000 response_token_count 120517, median_token_latency=0.7661875180076592, median_e2e_latency=77.80765628814697

bin_edges=array([  1.49193025,   3.08775864,   4.68358704,   6.27941544,
         7.87524384,   9.47107223,  11.06690063,  12.66272903,
        14.25855742,  15.85438582,  17.45021422,  19.04604262,
        20.64187101,  22.23769941,  23.83352781,  25.42935621,
        27.0251846 ,  28.621013  ,  30.2168414 ,  31.81266979,
        33.40849819,  35.00432659,  36.60015499,  38.19598338,
        39.79181178,  41.38764018,  42.98346858,  44.57929697,
        46.17512537,  47.77095377,  49.36678216,  50.96261056,
        52.55843896,  54.15426736,  55.75009575,  57.34592415,
        58.94175255,  60.53758095,  62.13340934,  63.72923774,
        65.32506614,  66.92089453,  68.51672293,  70.11255133,
        71.70837973,  73.30420812,  74.90003652,  76.49586492,
        78.09169332,  79.68752171,  81.28335011,  82.87917851,
        84.4750069 ,  86.0708353 ,  87.6666637 ,  89.2624921 ,
        90.85832049,  92.45414889,  94.04997729,  95.64580569,
        97.24163408,  98.83746248, 100.43329088, 102.02911927,
       103.62494767, 105.22077607, 106.81660447, 108.41243286,
       110.00826126, 111.60408966, 113.19991806, 114.79574645,
       116.39157485, 117.98740325, 119.58323164, 121.17906004,
       122.77488844, 124.37071684, 125.96654523, 127.56237363,
       129.15820203, 130.75403043, 132.34985882, 133.94568722,
       135.54151562, 137.13734401, 138.73317241, 140.32900081,
       141.92482921, 143.5206576 , 145.116486  , 146.7123144 ,
       148.3081428 , 149.90397119, 151.49979959, 153.09562799,
       154.69145638, 156.28728478, 157.88311318, 159.47894158,
       161.07476997])
hist=array([ 8, 10, 13, 15,  9, 18, 14, 11, 10, 10,  8,  9, 10, 13, 13, 17,  9,
        8, 12,  8, 10, 10,  7, 17,  7, 10,  8, 10,  9, 10,  7,  5, 10,  6,
        9, 13,  8, 14, 12,  9, 12,  7,  9,  7,  8, 14, 14, 17, 13, 15, 13,
        8, 12,  7,  9, 12,  5,  7, 12, 11, 13,  8,  9,  9, 13,  5, 12, 13,
       12,  8,  3, 15,  5, 11,  7, 11,  7,  7,  5,  6, 13, 11, 13,  9, 12,
        5, 13,  8,  7,  7, 12,  9,  6,  8, 11,  8, 16, 10, 11,  4])
cumsum=array([   8,   18,   31,   46,   55,   73,   87,   98,  108,  118,  126,
        135,  145,  158,  171,  188,  197,  205,  217,  225,  235,  245,
        252,  269,  276,  286,  294,  304,  313,  323,  330,  335,  345,
        351,  360,  373,  381,  395,  407,  416,  428,  435,  444,  451,
        459,  473,  487,  504,  517,  532,  545,  553,  565,  572,  581,
        593,  598,  605,  617,  628,  641,  649,  658,  667,  680,  685,
        697,  710,  722,  730,  733,  748,  753,  764,  771,  782,  789,
        796,  801,  807,  820,  831,  844,  853,  865,  870,  883,  891,
        898,  905,  917,  926,  932,  940,  951,  959,  975,  985,  996,
       1000])