backend HfTextGenerationInference dur_s 88.23 tokens_per_s 6414.63 qps 11.33 successful_responses 1000 prompt_token_count 512000 response_token_count 53936, median_token_latency=0.8305551852221075, median_e2e_latency=43.46580505371094

bin_edges=array([ 1.30263591,  2.16823234,  3.03382878,  3.89942521,  4.76502165,
        5.63061808,  6.49621452,  7.36181095,  8.22740739,  9.09300382,
        9.95860026, 10.82419669, 11.68979313, 12.55538956, 13.420986  ,
       14.28658243, 15.15217887, 16.0177753 , 16.88337174, 17.74896817,
       18.61456461, 19.48016104, 20.34575748, 21.21135391, 22.07695035,
       22.94254678, 23.80814322, 24.67373966, 25.53933609, 26.40493253,
       27.27052896, 28.1361254 , 29.00172183, 29.86731827, 30.7329147 ,
       31.59851114, 32.46410757, 33.32970401, 34.19530044, 35.06089688,
       35.92649331, 36.79208975, 37.65768618, 38.52328262, 39.38887905,
       40.25447549, 41.12007192, 41.98566836, 42.85126479, 43.71686123,
       44.58245766, 45.4480541 , 46.31365053, 47.17924697, 48.0448434 ,
       48.91043984, 49.77603627, 50.64163271, 51.50722914, 52.37282558,
       53.23842201, 54.10401845, 54.96961488, 55.83521132, 56.70080775,
       57.56640419, 58.43200062, 59.29759706, 60.16319349, 61.02878993,
       61.89438636, 62.7599828 , 63.62557923, 64.49117567, 65.3567721 ,
       66.22236854, 67.08796497, 67.95356141, 68.81915784, 69.68475428,
       70.55035071, 71.41594715, 72.28154358, 73.14714002, 74.01273645,
       74.87833289, 75.74392932, 76.60952576, 77.47512219, 78.34071863,
       79.20631506, 80.0719115 , 80.93750793, 81.80310437, 82.6687008 ,
       83.53429724, 84.39989367, 85.26549011, 86.13108654, 86.99668298,
       87.86227942])
hist=array([ 9, 15, 10, 12,  7, 10,  9,  8,  8,  5, 10, 14,  9,  8,  9, 10, 12,
       10, 12, 10,  9, 12, 10, 11, 13, 14,  9, 10, 13, 10, 10, 11,  7, 10,
       10,  9,  9, 12,  7, 18,  8, 10, 12, 11, 10,  7, 10, 15, 11,  8,  9,
        9,  6, 10, 10,  7, 11,  8, 12,  4, 11,  4, 12, 12,  8, 11, 10,  6,
       14, 12,  9,  7,  9, 11,  9, 13, 12, 11, 10,  9,  9, 10, 10, 10, 10,
       12, 14, 10, 12,  7, 11,  9,  6, 11, 11, 12,  8, 12,  7, 10])
cumsum=array([   9,   24,   34,   46,   53,   63,   72,   80,   88,   93,  103,
        117,  126,  134,  143,  153,  165,  175,  187,  197,  206,  218,
        228,  239,  252,  266,  275,  285,  298,  308,  318,  329,  336,
        346,  356,  365,  374,  386,  393,  411,  419,  429,  441,  452,
        462,  469,  479,  494,  505,  513,  522,  531,  537,  547,  557,
        564,  575,  583,  595,  599,  610,  614,  626,  638,  646,  657,
        667,  673,  687,  699,  708,  715,  724,  735,  744,  757,  769,
        780,  790,  799,  808,  818,  828,  838,  848,  860,  874,  884,
        896,  903,  914,  923,  929,  940,  951,  963,  971,  983,  990,
       1000])