backend HfTextGenerationInference dur_s 175.02 tokens_per_s 3658.63 qps 5.71 successful_responses 1000 prompt_token_count 512000 response_token_count 128333, median_token_latency=0.8549995787652478, median_e2e_latency=86.55587863922119

bin_edges=array([  1.22358847,   2.95785751,   4.69212655,   6.42639559,
         8.16066463,   9.89493368,  11.62920272,  13.36347176,
        15.0977408 ,  16.83200984,  18.56627889,  20.30054793,
        22.03481697,  23.76908601,  25.50335505,  27.2376241 ,
        28.97189314,  30.70616218,  32.44043122,  34.17470026,
        35.90896931,  37.64323835,  39.37750739,  41.11177643,
        42.84604548,  44.58031452,  46.31458356,  48.0488526 ,
        49.78312164,  51.51739069,  53.25165973,  54.98592877,
        56.72019781,  58.45446685,  60.1887359 ,  61.92300494,
        63.65727398,  65.39154302,  67.12581206,  68.86008111,
        70.59435015,  72.32861919,  74.06288823,  75.79715727,
        77.53142632,  79.26569536,  80.9999644 ,  82.73423344,
        84.46850248,  86.20277153,  87.93704057,  89.67130961,
        91.40557865,  93.13984769,  94.87411674,  96.60838578,
        98.34265482, 100.07692386, 101.8111929 , 103.54546195,
       105.27973099, 107.01400003, 108.74826907, 110.48253811,
       112.21680716, 113.9510762 , 115.68534524, 117.41961428,
       119.15388332, 120.88815237, 122.62242141, 124.35669045,
       126.09095949, 127.82522853, 129.55949758, 131.29376662,
       133.02803566, 134.7623047 , 136.49657374, 138.23084279,
       139.96511183, 141.69938087, 143.43364991, 145.16791895,
       146.902188  , 148.63645704, 150.37072608, 152.10499512,
       153.83926416, 155.57353321, 157.30780225, 159.04207129,
       160.77634033, 162.51060937, 164.24487842, 165.97914746,
       167.7134165 , 169.44768554, 171.18195458, 172.91622363,
       174.65049267])
hist=array([13,  7, 10, 14, 17,  9, 17,  9,  9,  8, 11, 12,  8, 12, 15, 10,  7,
        9,  9, 12,  8, 14,  3, 11,  8,  8, 10, 13,  2,  8, 10, 12,  7, 10,
        9, 12,  7, 15, 11,  8, 11,  7,  9, 18, 11,  7,  8, 14,  9, 12,  8,
       12, 12, 11, 10, 12, 14,  9,  5,  7, 13, 10, 12, 10,  9,  9, 11, 10,
       13,  9,  9, 10,  9, 12, 10,  7,  9,  8, 17, 11, 18,  7,  9, 12, 11,
       14, 13, 11,  9,  9, 15,  4,  9,  3,  2,  8,  6,  9,  9,  4])
cumsum=array([  13,   20,   30,   44,   61,   70,   87,   96,  105,  113,  124,
        136,  144,  156,  171,  181,  188,  197,  206,  218,  226,  240,
        243,  254,  262,  270,  280,  293,  295,  303,  313,  325,  332,
        342,  351,  363,  370,  385,  396,  404,  415,  422,  431,  449,
        460,  467,  475,  489,  498,  510,  518,  530,  542,  553,  563,
        575,  589,  598,  603,  610,  623,  633,  645,  655,  664,  673,
        684,  694,  707,  716,  725,  735,  744,  756,  766,  773,  782,
        790,  807,  818,  836,  843,  852,  864,  875,  889,  902,  913,
        922,  931,  946,  950,  959,  962,  964,  972,  978,  987,  996,
       1000])