backend HfTextGenerationInference dur_s 29.31 tokens_per_s 18027.39 qps 34.12 successful_responses 1000 prompt_token_count 512000 response_token_count 16335, median_token_latency=0.9893050801577827, median_e2e_latency=15.580208897590637

bin_edges=array([ 1.20716572,  1.48463083,  1.76209595,  2.03956106,  2.31702618,
        2.59449129,  2.87195641,  3.14942152,  3.42688663,  3.70435175,
        3.98181686,  4.25928198,  4.53674709,  4.81421221,  5.09167732,
        5.36914244,  5.64660755,  5.92407267,  6.20153778,  6.4790029 ,
        6.75646801,  7.03393312,  7.31139824,  7.58886335,  7.86632847,
        8.14379358,  8.4212587 ,  8.69872381,  8.97618893,  9.25365404,
        9.53111916,  9.80858427, 10.08604939, 10.3635145 , 10.64097961,
       10.91844473, 11.19590984, 11.47337496, 11.75084007, 12.02830519,
       12.3057703 , 12.58323542, 12.86070053, 13.13816565, 13.41563076,
       13.69309587, 13.97056099, 14.2480261 , 14.52549122, 14.80295633,
       15.08042145, 15.35788656, 15.63535168, 15.91281679, 16.19028191,
       16.46774702, 16.74521214, 17.02267725, 17.30014236, 17.57760748,
       17.85507259, 18.13253771, 18.41000282, 18.68746794, 18.96493305,
       19.24239817, 19.51986328, 19.7973284 , 20.07479351, 20.35225863,
       20.62972374, 20.90718885, 21.18465397, 21.46211908, 21.7395842 ,
       22.01704931, 22.29451443, 22.57197954, 22.84944466, 23.12690977,
       23.40437489, 23.68184   , 23.95930511, 24.23677023, 24.51423534,
       24.79170046, 25.06916557, 25.34663069, 25.6240958 , 25.90156092,
       26.17902603, 26.45649115, 26.73395626, 27.01142138, 27.28888649,
       27.5663516 , 27.84381672, 28.12128183, 28.39874695, 28.67621206,
       28.95367718])
hist=array([11, 10, 10,  8, 11,  9, 11,  9, 14,  5, 13,  8,  9, 15,  6,  8, 12,
        6,  8,  8,  7,  8, 11,  9,  9,  8,  8, 10, 11, 13, 10,  8, 11, 10,
       13,  9,  9, 10, 10,  8, 10, 10, 11, 13,  8, 11,  8, 12, 13,  7, 10,
        6, 11, 14,  9, 10, 12,  8, 13,  9, 13,  8, 11,  7, 11, 10,  5,  8,
       11, 12,  8, 13,  8,  9, 13, 13,  8,  8, 12, 11,  5,  8, 11, 11,  8,
       14,  7, 16, 12, 11, 14,  8, 10, 12,  7, 11, 10, 10, 13, 15])
cumsum=array([  11,   21,   31,   39,   50,   59,   70,   79,   93,   98,  111,
        119,  128,  143,  149,  157,  169,  175,  183,  191,  198,  206,
        217,  226,  235,  243,  251,  261,  272,  285,  295,  303,  314,
        324,  337,  346,  355,  365,  375,  383,  393,  403,  414,  427,
        435,  446,  454,  466,  479,  486,  496,  502,  513,  527,  536,
        546,  558,  566,  579,  588,  601,  609,  620,  627,  638,  648,
        653,  661,  672,  684,  692,  705,  713,  722,  735,  748,  756,
        764,  776,  787,  792,  800,  811,  822,  830,  844,  851,  867,
        879,  890,  904,  912,  922,  934,  941,  952,  962,  972,  985,
       1000])