backend HfTextGenerationInference dur_s 786.99 tokens_per_s 38.59 qps 0.13 successful_responses 100 prompt_token_count 26122 response_token_count 4251, median_token_latency=3.3633496514113816, median_e2e_latency=391.9909737110138 all_e2e_latencies=[19.495761156082153, 24.955868005752563, 29.948286771774292, 44.50616717338562, 47.19633650779724, 50.1104691028595, 52.919644594192505, 59.88231682777405, 65.87744474411011, 79.02954196929932, 77.88829064369202, 81.88595581054688, 94.02675724029541, 97.50681591033936, 103.22197985649109, 108.74494242668152, 111.46387219429016, 126.39240312576294, 132.94528532028198, 132.78024220466614, 136.4551227092743, 137.4438877105713, 140.7642798423767, 153.17468810081482, 172.29649472236633, 184.24626660346985, 185.63382387161255, 192.1581835746765, 199.2330551147461, 211.00748896598816, 232.7842149734497, 239.3906970024109, 240.5297360420227, 246.09048557281494, 246.12367343902588, 258.6813552379608, 265.82751297950745, 268.4496331214905, 281.84054255485535, 289.5353240966797, 288.3224093914032, 297.02054476737976, 344.7252233028412, 349.84258675575256, 355.6625437736511, 361.26305747032166, 366.10764598846436, 373.4535255432129, 382.96277713775635, 383.70712327957153, 400.27482414245605, 409.56760358810425, 410.9457654953003, 410.49069690704346, 427.79185819625854, 428.80195713043213, 440.1713275909424, 454.4019887447357, 460.9105408191681, 465.3692696094513, 465.96942806243896, 474.6291892528534, 475.9891445636749, 498.5331311225891, 513.9128143787384, 519.5324716567993, 529.6344242095947, 539.3114802837372, 539.9865462779999, 549.7215793132782, 557.02099442482, 555.5719799995422, 576.6408264636993, 584.2703919410706, 603.6859087944031, 613.9306843280792, 618.0321800708771, 623.3867704868317, 625.9726884365082, 631.5508923530579, 631.437447309494, 632.471538066864, 663.1392834186554, 664.4176335334778, 675.1337325572968, 687.3916072845459, 703.3750810623169, 702.4477894306183, 709.8557152748108, 718.222264289856, 721.2236084938049, 726.6540360450745, 728.0943043231964, 737.8235096931458, 743.3476498126984, 745.8616006374359, 744.7674071788788, 758.4421763420105, 758.7202973365784, 765.9324486255646] all_per_token_latencies=[1.6246467630068462, 1.247793400287628, 0.8808319638757145, 0.8092030395161022, 0.7866056084632873, 1.2848838231502435, 0.7559949227741787, 0.7128847241401672, 0.6791489148877331, 0.6373350158814461, 1.7701884237202732, 7.444177800958807, 3.033121201299852, 16.25113598505656, 1.0322197985649109, 1.2644760747288548, 6.55669836437001, 0.6018685863131569, 0.6042967514558272, 3.1614343382063366, 0.6202505577694286, 0.5924305504766004, 9.384285322825114, 4.0309128447582845, 1.4853146096755718, 2.749944277663729, 5.988187866826212, 0.6320992880745938, 8.662306744119395, 1.335490436493596, 0.902264399121898, 1.0981224633138114, 12.026486802101136, 1.08409905538685, 35.160524777003694, 0.6309301347267336, 9.493839749268123, 53.689926624298096, 1.4306626525627175, 0.7149020348066165, 96.1074697971344, 2.7249591263062363, 1.0606929947779729, 2.0105895790560493, 12.702233706201826, 2.5087712324327893, 1.5191188630226737, 19.655448712800677, 1.8958553323651304, 191.85356163978577, 4.654358420261117, 1.0368800090838082, 0.7540289275143125, 136.8302323023478, 9.948647865029269, 8.576039142608643, 7.099537541789394, 8.909842916563445, 10.475239564072002, 2.4493119453129015, 2.1672996654066927, 12.827815925752795, 20.695180198420648, 2.308023755197172, 4.894407755987984, 5.9037780870090835, 4.043010871828967, 2.114946981504852, 29.999252570999992, 39.265827093805584, 1.989360694374357, 277.7859899997711, 1.044639178376267, 25.403060519176982, 9.582316012609573, 4.872465748635549, 56.18474364280701, 6.850404071283864, 2.7454942475285447, 3.1577544617652893, 28.701702150431547, 5.910948953895925, 3.5652649646164267, 9.916681097514594, 7.032643047471841, 6.24901461167769, 1.4180949214966065, 4.060391846419759, 2.2751785745987525, 14.962963839372, 26.711985499770552, 6.7911592153745275, 26.00336801154273, 9.708204074909812, 6.819703209290811, 5.650466671495726, 6.8327285062282455, 2.089372386617109, 3.1223057503562894, 2.09271160826657]

bin_edges=array([ 19.49576116,  26.96012803,  34.42449491,  41.88886178,
        49.35322865,  56.81759553,  64.2819624 ,  71.74632928,
        79.21069615,  86.67506303,  94.1394299 , 101.60379678,
       109.06816365, 116.53253053, 123.9968974 , 131.46126428,
       138.92563115, 146.38999803, 153.8543649 , 161.31873178,
       168.78309865, 176.24746552, 183.7118324 , 191.17619927,
       198.64056615, 206.10493302, 213.5692999 , 221.03366677,
       228.49803365, 235.96240052, 243.4267674 , 250.89113427,
       258.35550115, 265.81986802, 273.2842349 , 280.74860177,
       288.21296865, 295.67733552, 303.14170239, 310.60606927,
       318.07043614, 325.53480302, 332.99916989, 340.46353677,
       347.92790364, 355.39227052, 362.85663739, 370.32100427,
       377.78537114, 385.24973802, 392.71410489, 400.17847177,
       407.64283864, 415.10720551, 422.57157239, 430.03593926,
       437.50030614, 444.96467301, 452.42903989, 459.89340676,
       467.35777364, 474.82214051, 482.28650739, 489.75087426,
       497.21524114, 504.67960801, 512.14397489, 519.60834176,
       527.07270864, 534.53707551, 542.00144238, 549.46580926,
       556.93017613, 564.39454301, 571.85890988, 579.32327676,
       586.78764363, 594.25201051, 601.71637738, 609.18074426,
       616.64511113, 624.10947801, 631.57384488, 639.03821176,
       646.50257863, 653.96694551, 661.43131238, 668.89567925,
       676.36004613, 683.824413  , 691.28877988, 698.75314675,
       706.21751363, 713.6818805 , 721.14624738, 728.61061425,
       736.07498113, 743.539348  , 751.00371488, 758.46808175,
       765.93244863])
hist=array([2, 1, 0, 2, 2, 1, 1, 2, 1, 1, 1, 2, 1, 0, 1, 4, 1, 1, 0, 0, 1, 0,
       2, 1, 1, 1, 0, 0, 1, 2, 2, 0, 1, 2, 0, 1, 2, 1, 0, 0, 0, 0, 0, 1,
       1, 2, 1, 1, 2, 0, 0, 1, 3, 0, 2, 0, 1, 0, 1, 3, 1, 1, 0, 0, 1, 0,
       2, 0, 1, 2, 0, 2, 1, 0, 1, 1, 0, 0, 1, 1, 2, 3, 1, 0, 0, 0, 2, 1,
       0, 1, 0, 2, 1, 1, 3, 0, 2, 2, 1, 2])
cumsum=array([  2,   3,   3,   5,   7,   8,   9,  11,  12,  13,  14,  16,  17,
        17,  18,  22,  23,  24,  24,  24,  25,  25,  27,  28,  29,  30,
        30,  30,  31,  33,  35,  35,  36,  38,  38,  39,  41,  42,  42,
        42,  42,  42,  42,  43,  44,  46,  47,  48,  50,  50,  50,  51,
        54,  54,  56,  56,  57,  57,  58,  61,  62,  63,  63,  63,  64,
        64,  66,  66,  67,  69,  69,  71,  72,  72,  73,  74,  74,  74,
        75,  76,  78,  81,  82,  82,  82,  82,  84,  85,  85,  86,  86,
        88,  89,  90,  93,  93,  95,  97,  98, 100])