backend HfTextGenerationInference dur_s 835.06 tokens_per_s 36.37 qps 0.12 successful_responses 100 prompt_token_count 26122 response_token_count 4251, median_token_latency=3.3125387246249822, median_e2e_latency=385.17897510528564 all_e2e_latencies=[19.292261838912964, 26.722432374954224, 28.93331527709961, 40.369932889938354, 43.51218509674072, 48.417922496795654, 45.615848541259766, 60.20475149154663, 66.93773794174194, 70.37490010261536, 84.72804546356201, 76.28875184059143, 87.72172856330872, 90.77226138114929, 100.39613151550293, 106.3198914527893, 104.51255345344543, 131.8363001346588, 135.00779008865356, 124.01258873939514, 141.32408666610718, 145.88958287239075, 124.70997452735901, 143.96563291549683, 165.87177276611328, 172.39203262329102, 176.194974899292, 199.40584206581116, 188.43498826026917, 206.1267867088318, 234.94882082939148, 234.6862223148346, 240.37046885490417, 240.0984833240509, 265.49181509017944, 245.15904641151428, 259.4174017906189, 257.14414381980896, 277.0551860332489, 296.3607716560364, 275.5977804660797, 294.51722407341003, 344.15780878067017, 348.77381706237793, 344.8290922641754, 353.9820787906647, 370.90663599967957, 364.010409116745, 377.73838233947754, 371.1029939651489, 392.61956787109375, 415.70768785476685, 393.64232420921326, 421.17502665519714, 413.99174451828003, 418.64234685897827, 424.74407482147217, 458.8385362625122, 446.9951958656311, 458.8074505329132, 448.4952244758606, 460.02185893058777, 466.5752532482147, 491.7357647418976, 504.24901056289673, 507.81129598617554, 516.918212890625, 533.1129760742188, 523.9024815559387, 533.5193431377411, 550.255509853363, 539.3232755661011, 581.3213360309601, 560.5775032043457, 580.6213188171387, 599.6997625827789, 597.8166747093201, 606.3322670459747, 613.0677418708801, 613.3768110275269, 623.8316559791565, 611.5454041957855, 652.1009654998779, 646.6951143741608, 654.0048041343689, 671.661465883255, 701.138421535492, 687.6897926330566, 705.5941081047058, 707.5362572669983, 698.384693145752, 708.2340919971466, 709.1579375267029, 724.3879475593567, 717.3637895584106, 723.5541970729828, 721.9819622039795, 743.4089577198029, 738.9831001758575, 751.0567135810852] all_per_token_latencies=[1.6076884865760803, 1.3361216187477112, 0.850979861091165, 0.733998779817061, 0.7252030849456788, 0.6916846070970808, 1.1696371420835838, 0.7167232320422218, 0.6900797725952778, 1.5994295477867126, 0.6832906892222743, 6.935341076417402, 2.8297331794615714, 15.12871023019155, 1.0039613151550293, 1.2362778075905734, 6.147797261967378, 0.6277919054031372, 0.6136717731302435, 2.952680684271313, 0.642382212118669, 0.6288344089327187, 8.313998301823935, 3.7885692872499166, 1.429929075569942, 5.561033310428742, 2.6297757447655523, 0.6559402699533262, 8.192825576533442, 1.3045999158786823, 0.910654344299967, 1.076542304196489, 1.0589007438542035, 34.29978333200727, 0.6475410124150718, 12.257952320575715, 9.264907206807818, 51.42882876396179, 1.4063715027068473, 0.7317549917432997, 91.86592682202657, 2.7019928814074317, 1.0589471039405236, 2.004447224496425, 12.31532472372055, 2.458208880490727, 1.5390316846459733, 19.15844258509184, 1.8699919917795917, 185.55149698257446, 4.565343812454579, 0.7627663997335171, 131.21410806973776, 1.0662658902663218, 9.62771498879721, 8.372846937179565, 6.8507108842172935, 2.1341327268023824, 10.158981724218888, 2.4147760554363855, 8.7940240093306, 20.000950388286423, 12.61014197968148, 2.276554466397674, 4.802371529170445, 5.770582908933813, 3.9459405564169847, 2.0906391218596814, 29.105693419774372, 38.10852450983865, 1.9651982494762965, 269.66163778305054, 1.0531183623749276, 24.372934921928074, 9.216211409795852, 4.759521925260151, 54.34697042812001, 6.662991945560162, 2.6888936046968426, 5.732493561004924, 3.1191582798957826, 27.797518372535706, 3.5059191693541822, 9.652165886181503, 6.812550043066342, 6.106013326211409, 1.4135855272892983, 3.97508550654946, 2.2615195772586723, 6.612488385672881, 25.86609974613896, 14.754876916607222, 25.327069197382247, 5.487787481510278, 9.438997231031719, 6.638111899752135, 6.6236877266420136, 2.047958561211578, 3.0410827167730763, 2.052067523445588]

bin_edges=array([ 19.29226184,  26.60990636,  33.92755087,  41.24519539,
        48.56283991,  55.88048443,  63.19812894,  70.51577346,
        77.83341798,  85.1510625 ,  92.46870701,  99.78635153,
       107.10399605, 114.42164057, 121.73928508, 129.0569296 ,
       136.37457412, 143.69221864, 151.00986315, 158.32750767,
       165.64515219, 172.9627967 , 180.28044122, 187.59808574,
       194.91573026, 202.23337477, 209.55101929, 216.86866381,
       224.18630833, 231.50395284, 238.82159736, 246.13924188,
       253.4568864 , 260.77453091, 268.09217543, 275.40981995,
       282.72746447, 290.04510898, 297.3627535 , 304.68039802,
       311.99804254, 319.31568705, 326.63333157, 333.95097609,
       341.26862061, 348.58626512, 355.90390964, 363.22155416,
       370.53919868, 377.85684319, 385.17448771, 392.49213223,
       399.80977674, 407.12742126, 414.44506578, 421.7627103 ,
       429.08035481, 436.39799933, 443.71564385, 451.03328837,
       458.35093288, 465.6685774 , 472.98622192, 480.30386644,
       487.62151095, 494.93915547, 502.25679999, 509.57444451,
       516.89208902, 524.20973354, 531.52737806, 538.84502258,
       546.16266709, 553.48031161, 560.79795613, 568.11560065,
       575.43324516, 582.75088968, 590.0685342 , 597.38617872,
       604.70382323, 612.02146775, 619.33911227, 626.65675678,
       633.9744013 , 641.29204582, 648.60969034, 655.92733485,
       663.24497937, 670.56262389, 677.88026841, 685.19791292,
       692.51555744, 699.83320196, 707.15084648, 714.46849099,
       721.78613551, 729.10378003, 736.42142455, 743.73906906,
       751.05671358])
hist=array([1, 2, 1, 3, 0, 1, 2, 1, 1, 2, 0, 3, 0, 0, 2, 2, 1, 2, 0, 0, 2, 1,
       0, 1, 1, 1, 0, 0, 0, 2, 3, 0, 2, 1, 0, 2, 0, 2, 0, 0, 0, 0, 0, 0,
       2, 2, 0, 1, 3, 0, 0, 2, 0, 1, 3, 1, 0, 0, 2, 0, 3, 1, 0, 0, 1, 0,
       2, 0, 2, 0, 2, 1, 1, 1, 0, 0, 2, 0, 0, 2, 2, 2, 1, 0, 0, 1, 2, 0,
       0, 1, 0, 1, 1, 2, 3, 1, 3, 0, 2, 1])
cumsum=array([  1,   3,   4,   7,   7,   8,  10,  11,  12,  14,  14,  17,  17,
        17,  19,  21,  22,  24,  24,  24,  26,  27,  27,  28,  29,  30,
        30,  30,  30,  32,  35,  35,  37,  38,  38,  40,  40,  42,  42,
        42,  42,  42,  42,  42,  44,  46,  46,  47,  50,  50,  50,  52,
        52,  53,  56,  57,  57,  57,  59,  59,  62,  63,  63,  63,  64,
        64,  66,  66,  68,  68,  70,  71,  72,  73,  73,  73,  75,  75,
        75,  77,  79,  81,  82,  82,  82,  83,  85,  85,  85,  86,  86,
        87,  88,  90,  93,  94,  97,  97,  99, 100])