backend HfTextGenerationInference dur_s 106.67 tokens_per_s 606.84 qps 0.94 successful_responses 100 prompt_token_count 52286 response_token_count 12446, median_token_latency=0.0519488218405766, median_e2e_latency=4.622641563415527 all_e2e_latencies=[1.2755193710327148, 0.1704883575439453, 1.9783694744110107, 1.5587387084960938, 1.378631353378296, 3.4372730255126953, 1.797691822052002, 9.226608753204346, 2.9456236362457275, 4.321537256240845, 2.542210102081299, 1.9742274284362793, 3.4360568523406982, 0.2757854461669922, 0.4461543560028076, 0.15398359298706055, 8.264334917068481, 11.871957302093506, 1.4572219848632812, 2.308872938156128, 18.24863028526306, 0.413848876953125, 9.146353960037231, 6.549378156661987, 14.133121252059937, 1.7290704250335693, 1.1095056533813477, 7.8560471534729, 6.626501560211182, 5.1848204135894775, 9.640746593475342, 5.777975797653198, 21.092951774597168, 6.056072473526001, 1.3869259357452393, 0.6275627613067627, 7.328810453414917, 25.140278100967407, 1.9932215213775635, 0.3667275905609131, 4.4893598556518555, 1.3246204853057861, 1.0050063133239746, 0.6087329387664795, 0.3814854621887207, 3.4886481761932373, 0.9750211238861084, 0.7038798332214355, 6.9414355754852295, 0.9808981418609619, 5.880525827407837, 5.3936240673065186, 6.482020854949951, 3.4820353984832764, 4.774590969085693, 15.111071348190308, 4.164587736129761, 5.309492111206055, 7.148502588272095, 21.020682334899902, 2.269716501235962, 2.661348342895508, 12.416279554367065, 2.2848689556121826, 1.5891475677490234, 3.4211251735687256, 2.978923797607422, 6.74949049949646, 14.632900714874268, 2.1943414211273193, 16.054630041122437, 9.241164684295654, 1.6512658596038818, 8.271091938018799, 2.066136121749878, 5.41822624206543, 8.703694820404053, 10.452486991882324, 5.217606782913208, 15.78524136543274, 4.755923271179199, 2.6559252738952637, 18.1939537525177, 1.9824471473693848, 0.29718756675720215, 2.676316738128662, 2.048844575881958, 3.578162908554077, 9.693661212921143, 7.591530084609985, 8.34122920036316, 6.333296060562134, 9.448795795440674, 8.091095447540283, 7.2717297077178955, 9.529634475708008, 15.229674100875854, 15.004114389419556, 20.550806999206543, 19.345473051071167] all_per_token_latencies=[0.03751527561860926, 0.04262208938598633, 0.035328026328768046, 0.043298297458224826, 0.07659063074323866, 0.06365320417616102, 0.0898845911026001, 0.03618277942433077, 0.07184447893282263, 0.06648518855755146, 0.25422101020812987, 0.14101624488830566, 0.13744227409362794, 0.06894636154174805, 0.2230771780014038, 0.15398359298706055, 0.05988648490629334, 0.05573688874222303, 0.05828887939453125, 0.05920187020913149, 0.04293795361238367, 0.10346221923828125, 0.05226487977164132, 0.05281756577953216, 0.06337722534556026, 0.09100370658071417, 0.2773764133453369, 0.05906802371032256, 0.05969821225415479, 0.0682213212314405, 0.05842876723318389, 0.05836339189548685, 0.05580145972115653, 0.046229560866610696, 0.02719462619108312, 0.04482591152191162, 0.03456986062931565, 0.048439842198395776, 0.03378341561656887, 0.045840948820114136, 0.02222455374085077, 0.02102572198898073, 0.017631689707438152, 0.03580781992743997, 0.05449792316981724, 0.037512345980572445, 0.06964436599186488, 0.11731330553690593, 0.039217150143984345, 0.04087075591087341, 0.04200375591005598, 0.03798326807962337, 0.03790655470730966, 0.04904275209131375, 0.05425671555779197, 0.0415139322752481, 0.14360647365964693, 0.08849153518676758, 0.05456872204787858, 0.042987080439468105, 0.05535893905453566, 0.05021411967727373, 0.04793930329871454, 0.04967106425243875, 0.08363934567100123, 0.05517943828336654, 0.06927729761877725, 0.04469861257944675, 0.05480487159128939, 0.05626516464429024, 0.04763985175407251, 0.05341713690344309, 0.05694020205530627, 0.049527496634843106, 0.06076870946323171, 0.050637628430518035, 0.04605129534605319, 0.04687213897705078, 0.05270309881730513, 0.0509201334368798, 0.040648916847685464, 0.03638253799856526, 0.046413147327851276, 0.03477977451525236, 0.029718756675720215, 0.031860913549150736, 0.060260134584763474, 0.06389576622417995, 0.03377582304153708, 0.04929564990006484, 0.0502483686768865, 0.21838951932972875, 0.05163276390951188, 0.1284300864688934, 0.22724155336618423, 0.06855852140797128, 0.04195502507128335, 0.047481374650061886, 0.03643760106242295, 0.03853679890651627]

bin_edges=array([ 0.15398359,  0.40384654,  0.65370948,  0.90357243,  1.15343537,
        1.40329832,  1.65316126,  1.90302421,  2.15288715,  2.4027501 ,
        2.65261304,  2.90247599,  3.15233893,  3.40220188,  3.65206482,
        3.90192777,  4.15179071,  4.40165366,  4.6515166 ,  4.90137955,
        5.15124249,  5.40110544,  5.65096838,  5.90083133,  6.15069427,
        6.40055722,  6.65042017,  6.90028311,  7.15014606,  7.400009  ,
        7.64987195,  7.89973489,  8.14959784,  8.39946078,  8.64932373,
        8.89918667,  9.14904962,  9.39891256,  9.64877551,  9.89863845,
       10.1485014 , 10.39836434, 10.64822729, 10.89809023, 11.14795318,
       11.39781612, 11.64767907, 11.89754201, 12.14740496, 12.3972679 ,
       12.64713085, 12.89699379, 13.14685674, 13.39671968, 13.64658263,
       13.89644557, 14.14630852, 14.39617146, 14.64603441, 14.89589735,
       15.1457603 , 15.39562324, 15.64548619, 15.89534913, 16.14521208,
       16.39507502, 16.64493797, 16.89480091, 17.14466386, 17.3945268 ,
       17.64438975, 17.89425269, 18.14411564, 18.39397858, 18.64384153,
       18.89370447, 19.14356742, 19.39343036, 19.64329331, 19.89315625,
       20.1430192 , 20.39288214, 20.64274509, 20.89260803, 21.14247098,
       21.39233392, 21.64219687, 21.89205981, 22.14192276, 22.39178571,
       22.64164865, 22.8915116 , 23.14137454, 23.39123749, 23.64110043,
       23.89096338, 24.14082632, 24.39068927, 24.64055221, 24.89041516,
       25.1402781 ])
hist=array([6, 4, 1, 4, 4, 4, 2, 6, 4, 1, 3, 2, 0, 6, 0, 0, 2, 1, 2, 0, 4, 1,
       2, 1, 1, 3, 1, 2, 2, 1, 1, 1, 3, 0, 1, 1, 2, 3, 1, 0, 0, 1, 0, 0,
       0, 0, 1, 0, 0, 1, 0, 0, 0, 0, 0, 1, 0, 1, 0, 2, 1, 0, 1, 1, 0, 0,
       0, 0, 0, 0, 0, 0, 2, 0, 0, 0, 1, 0, 0, 0, 0, 1, 0, 2, 0, 0, 0, 0,
       0, 0, 0, 0, 0, 0, 0, 0, 0, 0, 0, 1])
cumsum=array([  6,  10,  11,  15,  19,  23,  25,  31,  35,  36,  39,  41,  41,
        47,  47,  47,  49,  50,  52,  52,  56,  57,  59,  60,  61,  64,
        65,  67,  69,  70,  71,  72,  75,  75,  76,  77,  79,  82,  83,
        83,  83,  84,  84,  84,  84,  84,  85,  85,  85,  86,  86,  86,
        86,  86,  86,  87,  87,  88,  88,  90,  91,  91,  92,  93,  93,
        93,  93,  93,  93,  93,  93,  93,  95,  95,  95,  95,  96,  96,
        96,  96,  96,  97,  97,  99,  99,  99,  99,  99,  99,  99,  99,
        99,  99,  99,  99,  99,  99,  99,  99, 100])