backend HfTextGenerationInference dur_s 100.91 tokens_per_s 641.47 qps 0.99 successful_responses 100 prompt_token_count 52286 response_token_count 12446, median_token_latency=0.32787718670055244, median_e2e_latency=32.67467939853668 all_e2e_latencies=[0.6557822227478027, 2.5567169189453125, 2.924842596054077, 2.7343058586120605, 4.414218425750732, 4.287064552307129, 4.426973581314087, 4.37437105178833, 5.072304725646973, 5.39640474319458, 6.373758792877197, 6.856804370880127, 9.397040605545044, 8.066052436828613, 8.38077425956726, 8.520329713821411, 13.148292779922485, 15.018792152404785, 11.779730796813965, 13.248651027679443, 15.118770360946655, 16.30948567390442, 14.439199686050415, 17.449023246765137, 18.955527305603027, 18.133908987045288, 18.95132803916931, 19.059994220733643, 19.891117572784424, 25.609233617782593, 21.130903959274292, 23.578092336654663, 21.25905203819275, 27.49074935913086, 22.37556219100952, 21.652480125427246, 23.060235500335693, 26.52274250984192, 23.60896134376526, 24.301602363586426, 33.07615566253662, 25.105812788009644, 25.93541669845581, 25.972490549087524, 27.852692365646362, 31.62008833885193, 30.62162756919861, 27.873926639556885, 28.805737257003784, 32.341893911361694, 33.00746488571167, 32.1554479598999, 34.607356786727905, 36.0225875377655, 34.500850200653076, 34.924649238586426, 36.84057021141052, 39.0923798084259, 42.83596134185791, 39.869789600372314, 40.22584795951843, 43.220688343048096, 46.56357765197754, 41.66258358955383, 42.35123419761658, 42.96487379074097, 43.917192459106445, 48.32258677482605, 47.722851276397705, 46.544098138809204, 50.17483949661255, 49.14922070503235, 50.98992848396301, 53.66872429847717, 51.19116425514221, 51.30077624320984, 55.07340955734253, 52.94502234458923, 53.842257499694824, 53.28823757171631, 56.86651849746704, 55.554957151412964, 56.3533411026001, 60.064000606536865, 57.72212815284729, 62.438971519470215, 58.786813259124756, 61.52268862724304, 61.442174673080444, 62.953694343566895, 63.79406476020813, 64.68854975700378, 66.49973654747009, 66.25316309928894, 68.85755228996277, 68.06915187835693, 73.03319764137268, 75.70100784301758, 77.00840473175049, 79.00953006744385] all_per_token_latencies=[0.16394555568695068, 0.07519755643956802, 0.08124562766816881, 0.15190588103400338, 0.07882532903126307, 0.07939008430198387, 0.22134867906570435, 0.437437105178833, 0.07803545731764573, 0.13161962788279463, 0.2549503517150879, 0.4897717407771519, 0.06809449714163075, 2.0165131092071533, 4.19038712978363, 8.520329713821411, 0.061729074084143125, 0.05889722412707759, 0.47118923187255857, 0.3397090007097293, 0.12192556742698915, 0.09319706099373953, 3.6097999215126038, 0.07824674101688402, 0.14252276169626335, 0.23860406561901695, 0.9974383178510164, 4.764998555183411, 0.20092037952307498, 0.06025702027713551, 0.19036850413760623, 0.14289752931305857, 1.5185037170137679, 0.07272685015643085, 0.4387365135492063, 2.7065600156784058, 0.3908514491582321, 0.202463683281236, 0.4141923042765835, 0.3857397200569274, 0.0637305504095118, 3.5865446840013777, 1.5256127469679888, 1.8551778963633947, 0.2994913157596383, 0.14915136008892418, 0.15159221568910203, 4.6456544399261475, 1.2002390523751576, 0.18272256447097002, 0.23576760632651192, 0.36540281772613525, 0.24371378018822468, 0.21065840665359944, 1.1896844896776924, 0.4918964681491046, 0.6140095035235087, 0.2984151130414191, 0.11768121247763162, 0.7522601811391003, 0.9811182429150838, 0.16687524456775327, 0.09522204018809313, 2.1927675573449386, 0.9206790042960126, 0.9991831114125806, 0.7083418138565556, 0.18098347106676424, 0.3160453726913755, 1.1934384138156207, 0.29002797396885865, 1.6948007139666328, 0.30532891307762283, 0.1592543747729293, 0.4784220958424506, 1.508846360094407, 0.2913937013616007, 0.9288600411331445, 0.7375651712286962, 5.328823757171631, 0.2550068094056818, 0.5611611833476057, 0.4816524880564111, 0.19375484066624796, 0.6871681922958011, 0.1592830906108934, 1.7290239193860222, 0.3994979780989808, 1.0971816905907221, 0.3792391225516078, 2.199795336558901, 1.026802377095298, 0.3633865385107655, 2.0704113468527794, 0.23992178498244868, 0.4897061286212729, 0.20119338193215613, 0.23956015140195436, 0.13653972470168527, 0.15738950212638217]

bin_edges=array([ 0.65578222,  1.4393197 ,  2.22285718,  3.00639466,  3.78993214,
        4.57346961,  5.35700709,  6.14054457,  6.92408205,  7.70761953,
        8.49115701,  9.27469449, 10.05823196, 10.84176944, 11.62530692,
       12.4088444 , 13.19238188, 13.97591936, 14.75945683, 15.54299431,
       16.32653179, 17.11006927, 17.89360675, 18.67714423, 19.46068171,
       20.24421918, 21.02775666, 21.81129414, 22.59483162, 23.3783691 ,
       24.16190658, 24.94544405, 25.72898153, 26.51251901, 27.29605649,
       28.07959397, 28.86313145, 29.64666893, 30.4302064 , 31.21374388,
       31.99728136, 32.78081884, 33.56435632, 34.3478938 , 35.13143127,
       35.91496875, 36.69850623, 37.48204371, 38.26558119, 39.04911867,
       39.83265615, 40.61619362, 41.3997311 , 42.18326858, 42.96680606,
       43.75034354, 44.53388102, 45.31741849, 46.10095597, 46.88449345,
       47.66803093, 48.45156841, 49.23510589, 50.01864336, 50.80218084,
       51.58571832, 52.3692558 , 53.15279328, 53.93633076, 54.71986824,
       55.50340571, 56.28694319, 57.07048067, 57.85401815, 58.63755563,
       59.42109311, 60.20463058, 60.98816806, 61.77170554, 62.55524302,
       63.3387805 , 64.12231798, 64.90585546, 65.68939293, 66.47293041,
       67.25646789, 68.04000537, 68.82354285, 69.60708033, 70.3906178 ,
       71.17415528, 71.95769276, 72.74123024, 73.52476772, 74.3083052 ,
       75.09184268, 75.87538015, 76.65891763, 77.44245511, 78.22599259,
       79.00953007])
hist=array([1, 0, 3, 0, 4, 1, 1, 2, 0, 2, 1, 1, 0, 0, 1, 1, 1, 1, 2, 1, 0, 1,
       1, 3, 1, 0, 3, 1, 1, 2, 1, 2, 2, 1, 3, 1, 0, 0, 1, 1, 2, 2, 0, 3,
       0, 1, 1, 0, 0, 1, 2, 0, 1, 3, 1, 1, 0, 0, 2, 0, 2, 1, 0, 1, 3, 0,
       1, 3, 0, 1, 1, 2, 1, 0, 1, 1, 0, 2, 1, 1, 1, 1, 0, 1, 1, 0, 1, 1,
       0, 0, 0, 0, 1, 0, 0, 1, 0, 1, 0, 1])
cumsum=array([  1,   1,   4,   4,   8,   9,  10,  12,  12,  14,  15,  16,  16,
        16,  17,  18,  19,  20,  22,  23,  23,  24,  25,  28,  29,  29,
        32,  33,  34,  36,  37,  39,  41,  42,  45,  46,  46,  46,  47,
        48,  50,  52,  52,  55,  55,  56,  57,  57,  57,  58,  60,  60,
        61,  64,  65,  66,  66,  66,  68,  68,  70,  71,  71,  72,  75,
        75,  76,  79,  79,  80,  81,  83,  84,  84,  85,  86,  86,  88,
        89,  90,  91,  92,  92,  93,  94,  94,  95,  96,  96,  96,  96,
        96,  97,  97,  97,  98,  98,  99,  99, 100])